Sat Feb 18 00:25:32 UTC 2017 <--- PASS :oauth:9fts0chm4mclveov0zxpovlg7wmxy8 
Sat Feb 18 00:25:42 UTC 2017 <--- USER aichanbot - - :aichanbot 
Sat Feb 18 00:25:52 UTC 2017 <--- NICK :aichanbot 
Sat Feb 18 00:25:52 UTC 2017 ---> :tmi.twitch.tv 001 aichanbot :Welcome, GLHF! 
Sat Feb 18 00:25:52 UTC 2017 ---> :tmi.twitch.tv 002 aichanbot :Your host is tmi.twitch.tv 
Sat Feb 18 00:25:52 UTC 2017 ---> :tmi.twitch.tv 003 aichanbot :This server is rather new 
Sat Feb 18 00:25:52 UTC 2017 ---> :tmi.twitch.tv 004 aichanbot :- 
Sat Feb 18 00:25:52 UTC 2017 ---> :tmi.twitch.tv 375 aichanbot :- 
Sat Feb 18 00:25:52 UTC 2017 ---> :tmi.twitch.tv 372 aichanbot :You are in a maze of twisty passages, all alike. 
Sat Feb 18 00:25:52 UTC 2017 ---> :tmi.twitch.tv 376 aichanbot :> 
Sat Feb 18 00:39:15 UTC 2017 <--- PASS :oauth:9fts0chm4mclveov0zxpovlg7wmxy8 
Sat Feb 18 00:39:25 UTC 2017 <--- USER aichanbot - - :aichanbot 
Sat Feb 18 00:39:35 UTC 2017 <--- NICK :aichanbot 
Sat Feb 18 00:39:35 UTC 2017 ---> :tmi.twitch.tv 001 aichanbot :Welcome, GLHF! 
Sat Feb 18 00:39:35 UTC 2017 ---> :tmi.twitch.tv 002 aichanbot :Your host is tmi.twitch.tv 
Sat Feb 18 00:39:35 UTC 2017 ---> :tmi.twitch.tv 003 aichanbot :This server is rather new 
Sat Feb 18 00:39:35 UTC 2017 ---> :tmi.twitch.tv 004 aichanbot :- 
Sat Feb 18 00:39:35 UTC 2017 ---> :tmi.twitch.tv 375 aichanbot :- 
Sat Feb 18 00:39:35 UTC 2017 ---> :tmi.twitch.tv 372 aichanbot :You are in a maze of twisty passages, all alike. 
Sat Feb 18 00:39:35 UTC 2017 ---> :tmi.twitch.tv 376 aichanbot :> 
Sat Feb 18 00:42:01 UTC 2017 <--- PASS :oauth:9fts0chm4mclveov0zxpovlg7wmxy8 
Sat Feb 18 00:42:11 UTC 2017 <--- USER aichanbot - - :aichanbot 
Sat Feb 18 00:42:21 UTC 2017 <--- NICK :aichanbot 
Sat Feb 18 00:42:21 UTC 2017 ---> :tmi.twitch.tv 001 aichanbot :Welcome, GLHF! 
Sat Feb 18 00:42:21 UTC 2017 ---> :tmi.twitch.tv 002 aichanbot :Your host is tmi.twitch.tv 
Sat Feb 18 00:42:21 UTC 2017 ---> :tmi.twitch.tv 003 aichanbot :This server is rather new 
Sat Feb 18 00:42:21 UTC 2017 ---> :tmi.twitch.tv 004 aichanbot :- 
Sat Feb 18 00:42:21 UTC 2017 ---> :tmi.twitch.tv 375 aichanbot :- 
Sat Feb 18 00:42:21 UTC 2017 ---> :tmi.twitch.tv 372 aichanbot :You are in a maze of twisty passages, all alike. 
Sat Feb 18 00:42:21 UTC 2017 ---> :tmi.twitch.tv 376 aichanbot :> 
Sat Feb 18 00:42:31 UTC 2017 <--- JOIN :frublox 
Sat Feb 18 00:42:31 UTC 2017 ---> :aichanbot!aichanbot@aichanbot.tmi.twitch.tv JOIN frublox 
Sat Feb 18 00:42:31 UTC 2017 ---> :aichanbot.tmi.twitch.tv 353 aichanbot = frublox :aichanbot 
Sat Feb 18 00:42:31 UTC 2017 ---> :aichanbot.tmi.twitch.tv 366 aichanbot frublox :End of /NAMES list 
